* Starting client
* Connecting to master process on port 12012
* Analyzing classpath: 
  - /Users/ahmedm/Documents/GitHub/commons-cli2/target/test-classes
  - /Users/ahmedm/Documents/GitHub/commons-cli2/target/classes
  - /Users/ahmedm/.m2/repository/org/junit/jupiter/junit-jupiter-api/5.14.2/junit-jupiter-api-5.14.2.jar
  - /Users/ahmedm/.m2/repository/org/opentest4j/opentest4j/1.3.0/opentest4j-1.3.0.jar
  - /Users/ahmedm/.m2/repository/org/junit/platform/junit-platform-commons/1.14.2/junit-platform-commons-1.14.2.jar
  - /Users/ahmedm/.m2/repository/org/apiguardian/apiguardian-api/1.1.2/apiguardian-api-1.1.2.jar
  - /Users/ahmedm/.m2/repository/org/junit/jupiter/junit-jupiter-engine/5.14.2/junit-jupiter-engine-5.14.2.jar
  - /Users/ahmedm/.m2/repository/org/junit/platform/junit-platform-engine/1.14.2/junit-platform-engine-1.14.2.jar
  - /Users/ahmedm/.m2/repository/org/junit/jupiter/junit-jupiter-params/5.14.2/junit-jupiter-params-5.14.2.jar
  - /Users/ahmedm/.m2/repository/org/junit-pioneer/junit-pioneer/1.9.1/junit-pioneer-1.9.1.jar
  - /Users/ahmedm/.m2/repository/org/junit/platform/junit-platform-launcher/1.14.2/junit-platform-launcher-1.14.2.jar
  - /Users/ahmedm/.m2/repository/commons-io/commons-io/2.21.0/commons-io-2.21.0.jar
  - /Users/ahmedm/.m2/repository/org/apache/commons/commons-text/1.15.0/commons-text-1.15.0.jar
  - /Users/ahmedm/.m2/repository/org/apache/commons/commons-lang3/3.20.0/commons-lang3-3.20.0.jar
  - /Users/ahmedm/.m2/repository/org/mockito/mockito-core/4.11.0/mockito-core-4.11.0.jar
  - /Users/ahmedm/.m2/repository/net/bytebuddy/byte-buddy/1.12.19/byte-buddy-1.12.19.jar
  - /Users/ahmedm/.m2/repository/net/bytebuddy/byte-buddy-agent/1.12.19/byte-buddy-agent-1.12.19.jar
  - /Users/ahmedm/.m2/repository/org/objenesis/objenesis/3.3/objenesis-3.3.jar
  - /Users/ahmedm/.m2/repository/junit/junit/4.13.2/junit-4.13.2.jar
  - /Users/ahmedm/.m2/repository/org/hamcrest/hamcrest-core/1.3/hamcrest-core-1.3.jar
* Finished analyzing classpath
* Generating tests for class org.apache.commons.cli.help.TextHelpAppendable
* Test criteria:
  - Line Coverage
  - Branch Coverage
  - Exception
  - Mutation testing (weak)
  - Method-Output Coverage
  - Top-Level Method Coverage
  - No-Exception Top-Level Method Coverage
  - Context Branch Coverage
* Setting up search algorithm for whole suite generation
[MASTER] 16:17:56.837 [pool-2-thread-1] WARN  TestSuiteSerialization - Cannot load tests because file does not exist: /Users/ahmedm/Documents/GitHub/commons-cli2/.evosuite/evosuite-seeds/org.apache.commons.cli.help.TextHelpAppendable.seed
* Loaded 0 tests from /Users/ahmedm/Documents/GitHub/commons-cli2/.evosuite/evosuite-seeds/org.apache.commons.cli.help.TextHelpAppendable.seed
* Total number of test goals: 
  - Line 152
  - Branch 96
  - Exception 0
  - MutationFactory 718
  - Output 62
  - Method 22
  - MethodNoException 22
  - CBranchFitnessFactory 96
* Using seed 1774210670820
* Starting evolution
* Search finished after 111s and 116 generations, 74268 statements, best individual has fitness: 50.22310819262039
* Writing sequences to pool
* Minimizing test suite
[MASTER] 16:20:09.389 [pool-2-thread-1] WARN  TestSuiteMinimizer - Minimization timeout. Roll back to original test suite
* Going to analyze the coverage criteria
* Coverage analysis for criterion LINE
* Coverage of criterion LINE: 99%
* Total number of goals: 152
* Number of covered goals: 150
* Coverage analysis for criterion BRANCH
* Coverage of criterion BRANCH: 95%
* Total number of goals: 96
* Number of covered goals: 91
* Coverage analysis for criterion EXCEPTION
* Coverage of criterion EXCEPTION: 100%
* Total number of goals: 40
* Number of covered goals: 40
* Coverage analysis for criterion WEAKMUTATION
* Coverage of criterion WEAKMUTATION: 97%
* Total number of goals: 718
* Number of covered goals: 693
* Coverage analysis for criterion OUTPUT
* Coverage of criterion OUTPUT: 73%
* Total number of goals: 62
* Number of covered goals: 45
* Coverage analysis for criterion METHOD
* Coverage of criterion METHOD: 100%
* Total number of goals: 22
* Number of covered goals: 22
* Coverage analysis for criterion METHODNOEXCEPTION
* Coverage of criterion METHODNOEXCEPTION: 100%
* Total number of goals: 22
* Number of covered goals: 22
* Coverage analysis for criterion CBRANCH
* Coverage of criterion CBRANCH: 95%
* Total number of goals: 96
* Number of covered goals: 91
* Generated 102 tests with total length 1805
* Resulting test suite's coverage: 95% (average coverage for all fitness functions)
* Generating assertions
[MASTER] 16:20:27.866 [pool-2-thread-1] WARN  SimpleMutationAssertionGenerator - Reached maximum time to generate assertions, aborting assertion generation
* Resulting test suite's mutation score: 9%
* Compiling and checking tests
* Permissions denied during test execution: 
  - java.lang.RuntimePermission: 
         writeFileDescriptor: 11
* Writing JUnit test case 'TextHelpAppendable_ESTest' to /Users/ahmedm/Documents/GitHub/commons-cli2/.evosuite/tmp_2026_03_22_16_08_45/tests
* Done!

