* Starting client
* Connecting to master process on port 12669
* Analyzing classpath: 
  - /Users/ahmedm/Documents/GitHub/commons-cli2/target/test-classes
  - /Users/ahmedm/Documents/GitHub/commons-cli2/target/classes
  - /Users/ahmedm/.m2/repository/org/junit/jupiter/junit-jupiter-api/5.14.2/junit-jupiter-api-5.14.2.jar
  - /Users/ahmedm/.m2/repository/org/opentest4j/opentest4j/1.3.0/opentest4j-1.3.0.jar
  - /Users/ahmedm/.m2/repository/org/junit/platform/junit-platform-commons/1.14.2/junit-platform-commons-1.14.2.jar
  - /Users/ahmedm/.m2/repository/org/apiguardian/apiguardian-api/1.1.2/apiguardian-api-1.1.2.jar
  - /Users/ahmedm/.m2/repository/org/junit/jupiter/junit-jupiter-engine/5.14.2/junit-jupiter-engine-5.14.2.jar
  - /Users/ahmedm/.m2/repository/org/junit/platform/junit-platform-engine/1.14.2/junit-platform-engine-1.14.2.jar
  - /Users/ahmedm/.m2/repository/org/junit/jupiter/junit-jupiter-params/5.14.2/junit-jupiter-params-5.14.2.jar
  - /Users/ahmedm/.m2/repository/org/junit-pioneer/junit-pioneer/1.9.1/junit-pioneer-1.9.1.jar
  - /Users/ahmedm/.m2/repository/org/junit/platform/junit-platform-launcher/1.14.2/junit-platform-launcher-1.14.2.jar
  - /Users/ahmedm/.m2/repository/commons-io/commons-io/2.21.0/commons-io-2.21.0.jar
  - /Users/ahmedm/.m2/repository/org/apache/commons/commons-text/1.15.0/commons-text-1.15.0.jar
  - /Users/ahmedm/.m2/repository/org/apache/commons/commons-lang3/3.20.0/commons-lang3-3.20.0.jar
  - /Users/ahmedm/.m2/repository/org/mockito/mockito-core/4.11.0/mockito-core-4.11.0.jar
  - /Users/ahmedm/.m2/repository/net/bytebuddy/byte-buddy/1.12.19/byte-buddy-1.12.19.jar
  - /Users/ahmedm/.m2/repository/net/bytebuddy/byte-buddy-agent/1.12.19/byte-buddy-agent-1.12.19.jar
  - /Users/ahmedm/.m2/repository/org/objenesis/objenesis/3.3/objenesis-3.3.jar
  - /Users/ahmedm/.m2/repository/junit/junit/4.13.2/junit-4.13.2.jar
  - /Users/ahmedm/.m2/repository/org/hamcrest/hamcrest-core/1.3/hamcrest-core-1.3.jar
* Finished analyzing classpath
* Generating tests for class org.apache.commons.cli.help.AbstractHelpFormatter
* Test criteria:
  - Line Coverage
  - Branch Coverage
  - Exception
  - Mutation testing (weak)
  - Method-Output Coverage
  - Top-Level Method Coverage
  - No-Exception Top-Level Method Coverage
  - Context Branch Coverage
* Setting up search algorithm for whole suite generation
[MASTER] 16:32:45.492 [pool-2-thread-1] WARN  TestSuiteSerialization - Cannot load tests because file does not exist: /Users/ahmedm/Documents/GitHub/commons-cli2/.evosuite/evosuite-seeds/org.apache.commons.cli.help.AbstractHelpFormatter.seed
* Loaded 0 tests from /Users/ahmedm/Documents/GitHub/commons-cli2/.evosuite/evosuite-seeds/org.apache.commons.cli.help.AbstractHelpFormatter.seed
* Total number of test goals: 
  - Line 93
  - Branch 56
  - Exception 0
  - MutationFactory 110
  - Output 44
  - Method 29
  - MethodNoException 29
  - CBranchFitnessFactory 56
* Using seed 1774211559904
* Starting evolution
* Search finished after 59s and 66 generations, 45576 statements, best individual has fitness: 36.89583333333333
* Writing sequences to pool
* Minimizing test suite
[MASTER] 16:33:54.583 [pool-2-thread-1] WARN  TestSuiteMinimizer - Minimization timeout. Roll back to original test suite
* Going to analyze the coverage criteria
* Coverage analysis for criterion LINE
* Coverage of criterion LINE: 100%
* Total number of goals: 93
* Number of covered goals: 93
* Coverage analysis for criterion BRANCH
* Coverage of criterion BRANCH: 96%
* Total number of goals: 56
* Number of covered goals: 54
* Coverage analysis for criterion EXCEPTION
* Coverage of criterion EXCEPTION: 100%
* Total number of goals: 15
* Number of covered goals: 15
* Coverage analysis for criterion WEAKMUTATION
* Coverage of criterion WEAKMUTATION: 95%
* Total number of goals: 110
* Number of covered goals: 104
* Coverage analysis for criterion OUTPUT
* Coverage of criterion OUTPUT: 59%
* Total number of goals: 44
* Number of covered goals: 26
* Coverage analysis for criterion METHOD
* Coverage of criterion METHOD: 83%
* Total number of goals: 29
* Number of covered goals: 24
* Coverage analysis for criterion METHODNOEXCEPTION
* Coverage of criterion METHODNOEXCEPTION: 83%
* Total number of goals: 29
* Number of covered goals: 24
* Coverage analysis for criterion CBRANCH
* Coverage of criterion CBRANCH: 96%
* Total number of goals: 56
* Number of covered goals: 54
* Generated 67 tests with total length 1102
* Resulting test suite's coverage: 89% (average coverage for all fitness functions)
* Generating assertions
[MASTER] 16:34:03.817 [pool-2-thread-1] WARN  SimpleMutationAssertionGenerator - Reached maximum time to generate assertions, aborting assertion generation
* Resulting test suite's mutation score: 35%
* Compiling and checking tests
* Writing JUnit test case 'AbstractHelpFormatter_ESTest' to /Users/ahmedm/Documents/GitHub/commons-cli2/.evosuite/tmp_2026_03_22_16_08_45/tests
* Done!

